app/build/intermediates/manifest_merge_blame_file/debug/manifest-merger-blame-debug-report.txt
1<?xml version="1.0" encoding="utf-8"?>
2<manifest xmlns:android="http://schemas.android.com/apk/res/android"
3    package="com.xapps.utility.xsigner"
4    android:versionCode="448"
5    android:versionName="0.7.0 Alpha" >
6
7    <uses-sdk
8        android:minSdkVersion="26"
9        android:targetSdkVersion="35" />
10
11    <uses-permission android:name="android.permission.INTERNET" />
11-->src/main/AndroidManifest.xml:5:2-64
11-->src/main/AndroidManifest.xml:5:19-61
12    <uses-permission android:name="android.permission.ACCESS_NETWORK_STATE" />
12-->src/main/AndroidManifest.xml:6:2-76
12-->src/main/AndroidManifest.xml:6:19-73
13    <uses-permission android:name="android.permission.READ_EXTERNAL_STORAGE" />
13-->src/main/AndroidManifest.xml:7:2-77
13-->src/main/AndroidManifest.xml:7:19-74
14    <uses-permission android:name="android.permission.WRITE_EXTERNAL_STORAGE" />
14-->src/main/AndroidManifest.xml:8:2-78
14-->src/main/AndroidManifest.xml:8:19-75
15    <uses-permission android:name="android.permission.MANAGE_EXTERNAL_STORAGE" />
15-->src/main/AndroidManifest.xml:9:2-79
15-->src/main/AndroidManifest.xml:9:19-76
16    <uses-permission android:name="android.permission.WRITE_MEDIA_STORAGE" />
16-->src/main/AndroidManifest.xml:10:2-75
16-->src/main/AndroidManifest.xml:10:19-72
17    <uses-permission android:name="android.permission.ACCESS_NETWORK_CONDITIONS" />
17-->src/main/AndroidManifest.xml:11:2-81
17-->src/main/AndroidManifest.xml:11:19-78
18    <uses-permission android:name="android.permission.CHANGE_NETWORK_STATE" />
18-->src/main/AndroidManifest.xml:12:2-76
18-->src/main/AndroidManifest.xml:12:19-73
19    <uses-permission android:name="android.permission.CONNECTIVITY_USE_RESTRICTED_NETWORKS" />
19-->src/main/AndroidManifest.xml:13:2-92
19-->src/main/AndroidManifest.xml:13:19-89
20
21    <permission
21-->[androidx.core:core:1.13.0] AndroidManifest.xml:22:5-24:47
22        android:name="com.xapps.utility.xsigner.DYNAMIC_RECEIVER_NOT_EXPORTED_PERMISSION"
22-->[androidx.core:core:1.13.0] AndroidManifest.xml:23:9-81
23        android:protectionLevel="signature" />
23-->[androidx.core:core:1.13.0] AndroidManifest.xml:24:9-44
24
25    <uses-permission android:name="com.xapps.utility.xsigner.DYNAMIC_RECEIVER_NOT_EXPORTED_PERMISSION" />
25-->[androidx.core:core:1.13.0] AndroidManifest.xml:26:5-97
25-->[androidx.core:core:1.13.0] AndroidManifest.xml:26:22-94
26
27    <application
27-->src/main/AndroidManifest.xml:14:2-102:16
28        android:name="com.xapps.utility.xsigner.XApplication"
28-->src/main/AndroidManifest.xml:20:9-36
29        android:allowBackup="true"
29-->src/main/AndroidManifest.xml:15:3-29
30        android:appComponentFactory="androidx.core.app.CoreComponentFactory"
30-->[androidx.core:core:1.13.0] AndroidManifest.xml:28:18-86
31        android:debuggable="true"
32        android:enableOnBackInvokedCallback="true"
32-->src/main/AndroidManifest.xml:22:3-45
33        android:extractNativeLibs="false"
34        android:icon="@mipmap/launcher_icon"
34-->src/main/AndroidManifest.xml:16:3-39
35        android:label="@string/app_name"
35-->src/main/AndroidManifest.xml:17:3-35
36        android:requestLegacyExternalStorage="true"
36-->src/main/AndroidManifest.xml:18:3-46
37        android:theme="@style/Theme.XSigner.Base.Main"
37-->src/main/AndroidManifest.xml:21:3-49
38        android:usesCleartextTraffic="true" >
38-->src/main/AndroidManifest.xml:19:3-38
39        <activity
39-->src/main/AndroidManifest.xml:23:3-30:48
40            android:name="com.xapps.utility.xsigner.MainActivity"
40-->src/main/AndroidManifest.xml:24:4-32
41            android:configChanges="orientation|screenSize|keyboardHidden|smallestScreenSize|screenLayout"
41-->src/main/AndroidManifest.xml:25:4-97
42            android:hardwareAccelerated="true"
42-->src/main/AndroidManifest.xml:26:4-38
43            android:screenOrientation="portrait"
43-->src/main/AndroidManifest.xml:28:4-40
44            android:supportsPictureInPicture="true"
44-->src/main/AndroidManifest.xml:27:4-43
45            android:theme="@style/Theme.XSigner.Base.Main"
45-->src/main/AndroidManifest.xml:29:4-50
46            android:windowSoftInputMode="stateHidden" />
46-->src/main/AndroidManifest.xml:30:4-45
47        <activity
47-->src/main/AndroidManifest.xml:31:3-44:14
48            android:name="com.xapps.utility.xsigner.SplashScreenActivity"
48-->src/main/AndroidManifest.xml:32:4-40
49            android:configChanges="orientation|screenSize|keyboardHidden|smallestScreenSize|screenLayout"
49-->src/main/AndroidManifest.xml:33:4-97
50            android:exported="true"
50-->src/main/AndroidManifest.xml:39:4-27
51            android:hardwareAccelerated="true"
51-->src/main/AndroidManifest.xml:34:4-38
52            android:screenOrientation="portrait"
52-->src/main/AndroidManifest.xml:36:4-40
53            android:supportsPictureInPicture="true"
53-->src/main/AndroidManifest.xml:35:4-43
54            android:theme="@style/Theme.XSigner.Base.Splash"
54-->src/main/AndroidManifest.xml:37:4-52
55            android:windowSoftInputMode="stateHidden" >
55-->src/main/AndroidManifest.xml:38:4-45
56            <intent-filter>
56-->src/main/AndroidManifest.xml:40:4-43:20
57                <action android:name="android.intent.action.MAIN" />
57-->src/main/AndroidManifest.xml:41:5-57
57-->src/main/AndroidManifest.xml:41:13-54
58
59                <category android:name="android.intent.category.LAUNCHER" />
59-->src/main/AndroidManifest.xml:42:5-65
59-->src/main/AndroidManifest.xml:42:15-62
60            </intent-filter>
61        </activity>
62        <activity
62-->src/main/AndroidManifest.xml:45:3-50:43
63            android:name="com.xapps.utility.xsigner.LoginActivity"
63-->src/main/AndroidManifest.xml:46:4-33
64            android:configChanges="orientation|screenSize|keyboardHidden|smallestScreenSize|screenLayout"
64-->src/main/AndroidManifest.xml:47:4-97
65            android:hardwareAccelerated="true"
65-->src/main/AndroidManifest.xml:48:4-38
66            android:screenOrientation="portrait"
66-->src/main/AndroidManifest.xml:50:4-40
67            android:supportsPictureInPicture="true" />
67-->src/main/AndroidManifest.xml:49:4-43
68        <activity
68-->src/main/AndroidManifest.xml:51:3-58:48
69            android:name="com.xapps.utility.xsigner.KeysListActivity"
69-->src/main/AndroidManifest.xml:52:4-36
70            android:configChanges="orientation|screenSize|keyboardHidden|smallestScreenSize|screenLayout"
70-->src/main/AndroidManifest.xml:53:4-97
71            android:hardwareAccelerated="true"
71-->src/main/AndroidManifest.xml:54:4-38
72            android:screenOrientation="portrait"
72-->src/main/AndroidManifest.xml:56:4-40
73            android:supportsPictureInPicture="true"
73-->src/main/AndroidManifest.xml:55:4-43
74            android:theme="@style/Theme.XSigner.Base.Main"
74-->src/main/AndroidManifest.xml:57:4-50
75            android:windowSoftInputMode="stateHidden" />
75-->src/main/AndroidManifest.xml:58:4-45
76        <activity
76-->src/main/AndroidManifest.xml:59:3-66:48
77            android:name="com.xapps.utility.xsigner.DebugActivity"
77-->src/main/AndroidManifest.xml:60:4-33
78            android:configChanges="orientation|screenSize|keyboardHidden|smallestScreenSize|screenLayout"
78-->src/main/AndroidManifest.xml:61:4-97
79            android:hardwareAccelerated="true"
79-->src/main/AndroidManifest.xml:62:4-38
80            android:screenOrientation="portrait"
80-->src/main/AndroidManifest.xml:64:4-40
81            android:supportsPictureInPicture="true"
81-->src/main/AndroidManifest.xml:63:4-43
82            android:theme="@style/Theme.XSigner.Base.Main"
82-->src/main/AndroidManifest.xml:65:4-50
83            android:windowSoftInputMode="stateHidden" />
83-->src/main/AndroidManifest.xml:66:4-45
84        <activity
84-->src/main/AndroidManifest.xml:67:9-74:48
85            android:name="com.xapps.utility.xsigner.FaqActivity"
85-->src/main/AndroidManifest.xml:68:4-31
86            android:configChanges="orientation|screenSize|keyboardHidden|smallestScreenSize|screenLayout"
86-->src/main/AndroidManifest.xml:69:4-97
87            android:hardwareAccelerated="true"
87-->src/main/AndroidManifest.xml:70:4-38
88            android:screenOrientation="portrait"
88-->src/main/AndroidManifest.xml:72:4-40
89            android:supportsPictureInPicture="true"
89-->src/main/AndroidManifest.xml:71:4-43
90            android:theme="@style/Theme.XSigner.Base.Main"
90-->src/main/AndroidManifest.xml:73:4-50
91            android:windowSoftInputMode="stateHidden" />
91-->src/main/AndroidManifest.xml:74:4-45
92        <activity
92-->src/main/AndroidManifest.xml:75:9-82:48
93            android:name="com.xapps.utility.xsigner.InfoActivity"
93-->src/main/AndroidManifest.xml:76:4-32
94            android:configChanges="orientation|screenSize|keyboardHidden|smallestScreenSize|screenLayout"
94-->src/main/AndroidManifest.xml:77:4-97
95            android:hardwareAccelerated="true"
95-->src/main/AndroidManifest.xml:78:4-38
96            android:screenOrientation="portrait"
96-->src/main/AndroidManifest.xml:80:4-40
97            android:supportsPictureInPicture="true"
97-->src/main/AndroidManifest.xml:79:4-43
98            android:theme="@style/Theme.XSigner.Base.Main"
98-->src/main/AndroidManifest.xml:81:4-50
99            android:windowSoftInputMode="stateHidden" />
99-->src/main/AndroidManifest.xml:82:4-45
100        <activity
100-->src/main/AndroidManifest.xml:83:3-90:48
101            android:name="com.xapps.utility.xsigner.UpdateActivity"
101-->src/main/AndroidManifest.xml:84:4-34
102            android:configChanges="orientation|screenSize|keyboardHidden|smallestScreenSize|screenLayout"
102-->src/main/AndroidManifest.xml:85:4-97
103            android:hardwareAccelerated="true"
103-->src/main/AndroidManifest.xml:86:4-38
104            android:screenOrientation="portrait"
104-->src/main/AndroidManifest.xml:88:4-40
105            android:supportsPictureInPicture="true"
105-->src/main/AndroidManifest.xml:87:4-43
106            android:theme="@style/Theme.XSigner.Base.Main"
106-->src/main/AndroidManifest.xml:89:4-50
107            android:windowSoftInputMode="stateHidden" />
107-->src/main/AndroidManifest.xml:90:4-45
108        <activity
108-->src/main/AndroidManifest.xml:91:3-98:48
109            android:name="com.xapps.utility.xsigner.KeyCreatingActivity"
109-->src/main/AndroidManifest.xml:92:4-39
110            android:configChanges="orientation|screenSize|keyboardHidden|smallestScreenSize|screenLayout"
110-->src/main/AndroidManifest.xml:93:4-97
111            android:hardwareAccelerated="true"
111-->src/main/AndroidManifest.xml:94:4-38
112            android:screenOrientation="portrait"
112-->src/main/AndroidManifest.xml:96:4-40
113            android:supportsPictureInPicture="true"
113-->src/main/AndroidManifest.xml:95:4-43
114            android:theme="@style/Theme.XSigner.Base.Main"
114-->src/main/AndroidManifest.xml:97:4-50
115            android:windowSoftInputMode="stateHidden" />
115-->src/main/AndroidManifest.xml:98:4-45
116
117        <uses-library
117-->src/main/AndroidManifest.xml:99:3-101:31
118            android:name="org.apache.http.legacy"
118-->src/main/AndroidManifest.xml:100:4-41
119            android:required="false" />
119-->src/main/AndroidManifest.xml:101:4-28
120
121        <provider
121-->[androidx.emoji2:emoji2:1.2.0] AndroidManifest.xml:24:9-32:20
122            android:name="androidx.startup.InitializationProvider"
122-->[androidx.emoji2:emoji2:1.2.0] AndroidManifest.xml:25:13-67
123            android:authorities="com.xapps.utility.xsigner.androidx-startup"
123-->[androidx.emoji2:emoji2:1.2.0] AndroidManifest.xml:26:13-68
124            android:exported="false" >
124-->[androidx.emoji2:emoji2:1.2.0] AndroidManifest.xml:27:13-37
125            <meta-data
125-->[androidx.emoji2:emoji2:1.2.0] AndroidManifest.xml:29:13-31:52
126                android:name="androidx.emoji2.text.EmojiCompatInitializer"
126-->[androidx.emoji2:emoji2:1.2.0] AndroidManifest.xml:30:17-75
127                android:value="androidx.startup" />
127-->[androidx.emoji2:emoji2:1.2.0] AndroidManifest.xml:31:17-49
128            <meta-data
128-->[androidx.lifecycle:lifecycle-process:2.6.2] AndroidManifest.xml:29:13-31:52
129                android:name="androidx.lifecycle.ProcessLifecycleInitializer"
129-->[androidx.lifecycle:lifecycle-process:2.6.2] AndroidManifest.xml:30:17-78
130                android:value="androidx.startup" />
130-->[androidx.lifecycle:lifecycle-process:2.6.2] AndroidManifest.xml:31:17-49
131            <meta-data
131-->[androidx.profileinstaller:profileinstaller:1.3.0] AndroidManifest.xml:29:13-31:52
132                android:name="androidx.profileinstaller.ProfileInstallerInitializer"
132-->[androidx.profileinstaller:profileinstaller:1.3.0] AndroidManifest.xml:30:17-85
133                android:value="androidx.startup" />
133-->[androidx.profileinstaller:profileinstaller:1.3.0] AndroidManifest.xml:31:17-49
134        </provider>
135
136        <receiver
136-->[androidx.profileinstaller:profileinstaller:1.3.0] AndroidManifest.xml:34:9-52:20
137            android:name="androidx.profileinstaller.ProfileInstallReceiver"
137-->[androidx.profileinstaller:profileinstaller:1.3.0] AndroidManifest.xml:35:13-76
138            android:directBootAware="false"
138-->[androidx.profileinstaller:profileinstaller:1.3.0] AndroidManifest.xml:36:13-44
139            android:enabled="true"
139-->[androidx.profileinstaller:profileinstaller:1.3.0] AndroidManifest.xml:37:13-35
140            android:exported="true"
140-->[androidx.profileinstaller:profileinstaller:1.3.0] AndroidManifest.xml:38:13-36
141            android:permission="android.permission.DUMP" >
141-->[androidx.profileinstaller:profileinstaller:1.3.0] AndroidManifest.xml:39:13-57
142            <intent-filter>
142-->[androidx.profileinstaller:profileinstaller:1.3.0] AndroidManifest.xml:40:13-42:29
143                <action android:name="androidx.profileinstaller.action.INSTALL_PROFILE" />
143-->[androidx.profileinstaller:profileinstaller:1.3.0] AndroidManifest.xml:41:17-91
143-->[androidx.profileinstaller:profileinstaller:1.3.0] AndroidManifest.xml:41:25-88
144            </intent-filter>
145            <intent-filter>
145-->[androidx.profileinstaller:profileinstaller:1.3.0] AndroidManifest.xml:43:13-45:29
146                <action android:name="androidx.profileinstaller.action.SKIP_FILE" />
146-->[androidx.profileinstaller:profileinstaller:1.3.0] AndroidManifest.xml:44:17-85
146-->[androidx.profileinstaller:profileinstaller:1.3.0] AndroidManifest.xml:44:25-82
147            </intent-filter>
148            <intent-filter>
148-->[androidx.profileinstaller:profileinstaller:1.3.0] AndroidManifest.xml:46:13-48:29
149                <action android:name="androidx.profileinstaller.action.SAVE_PROFILE" />
149-->[androidx.profileinstaller:profileinstaller:1.3.0] AndroidManifest.xml:47:17-88
149-->[androidx.profileinstaller:profileinstaller:1.3.0] AndroidManifest.xml:47:25-85
150            </intent-filter>
151            <intent-filter>
151-->[androidx.profileinstaller:profileinstaller:1.3.0] AndroidManifest.xml:49:13-51:29
152                <action android:name="androidx.profileinstaller.action.BENCHMARK_OPERATION" />
152-->[androidx.profileinstaller:profileinstaller:1.3.0] AndroidManifest.xml:50:17-95
152-->[androidx.profileinstaller:profileinstaller:1.3.0] AndroidManifest.xml:50:25-92
153            </intent-filter>
154        </receiver>
155    </application>
156
157</manifest>